2025-07-05 12:09:18,711 - INFO - Початок входу в акаунт test_user
2025-07-05 12:09:20,235 - INFO - patching driver executable C:\Users\timof\appdata\roaming\undetected_chromedriver\undetected_chromedriver.exe
2025-07-05 12:09:22,033 - INFO - Завантаження головної сторінки Instagram...
2025-07-05 12:10:49,017 - INFO - 🔍 Розширений пошук кнопки входу...
2025-07-05 12:10:51,023 - INFO - Спроба 1 пошуку елемента...
2025-07-05 12:12:16,334 - INFO - Спроба 2 пошуку елемента...
2025-07-05 12:13:41,593 - INFO - Спроба 3 пошуку елемента...
2025-07-05 12:15:02,869 - INFO - === ДІАГНОСТИКА: ВСІ ПОСИЛАННЯ ===
2025-07-05 12:15:02,941 - INFO - 1. '' -> https://www.instagram.com/?nb=l (видимий: True)
2025-07-05 12:15:02,964 - INFO - 2. '' -> https://www.instagram.com/u/direct/ (видимий: True)
2025-07-05 12:15:02,990 - INFO - 3. '' -> https://www.instagram.com/reels/ (видимий: True)
2025-07-05 12:15:03,014 - INFO - 4. '' -> https://www.instagram.com/explore/ (видимий: True)
2025-07-05 12:15:03,037 - INFO - 5. '' -> https://www.instagram.com/u/profile/ (видимий: True)
2025-07-05 12:15:03,037 - WARNING - Переходимо напряму на сторінку входу
2025-07-05 12:15:06,693 - INFO - 🔍 Пошук полів форми входу...
2025-07-05 12:15:08,698 - INFO - Спроба 1 пошуку елемента...
2025-07-05 12:15:08,725 - INFO - ✅ Знайдено елемент: Input name=username
2025-07-05 12:15:08,725 - INFO - Спроба 1 пошуку елемента...
2025-07-05 12:15:08,751 - INFO - ✅ Знайдено елемент: Input name=password
2025-07-05 12:15:08,751 - INFO - ✅ Обидва поля знайдено!
2025-07-05 12:15:08,751 - INFO - Введення логіна...
2025-07-05 12:15:13,696 - INFO - Введення пароля...
2025-07-05 12:15:22,707 - INFO - 🔍 Пошук кнопки відправки...
2025-07-05 12:15:22,707 - INFO - Спроба 1 пошуку елемента...
2025-07-05 12:16:47,990 - INFO - Спроба 2 пошуку елемента...
2025-07-05 12:18:13,234 - INFO - Спроба 3 пошуку елемента...
2025-07-05 12:19:34,484 - ERROR - ❌ Кнопку відправки не знайдено!
2025-07-05 12:19:34,484 - INFO - === ДІАГНОСТИКА: ВСІ КНОПКИ ===
2025-07-05 12:19:34,557 - INFO - DIV-BTN 1. 'English (US)
Username, email o' (видимий: True)
2025-07-05 12:19:34,572 - INFO - DIV-BTN 2. 'English (US)' (видимий: True)
2025-07-05 12:19:34,589 - INFO - DIV-BTN 3. 'Username, email or mobile numb' (видимий: True)
2025-07-05 12:19:34,604 - INFO - DIV-BTN 4. '' (видимий: False)
2025-07-05 12:19:34,625 - INFO - DIV-BTN 5. 'Password' (видимий: True)
2025-07-05 12:19:34,642 - INFO - DIV-BTN 6. '' (видимий: True)
2025-07-05 12:19:34,661 - INFO - DIV-BTN 7. 'Log in' (видимий: True)
2025-07-05 12:19:34,695 - INFO - DIV-BTN 8. 'Forgot password?' (видимий: True)
2025-07-05 12:19:34,715 - INFO - DIV-BTN 9. 'Create new account' (видимий: True)
2025-07-05 12:19:34,715 - ERROR - Кнопку відправки не знайдено
2025-07-05 12:19:34,992 - INFO - 🔒 Драйвер для test_user закрито
2025-07-05 12:19:35,004 - INFO - 🔒 Всі драйвери закрито
2025-07-05 12:19:35,006 - INFO - 🔒 Всі драйвери закрито
2025-07-05 12:28:39,001 - INFO - Початок входу в акаунт test_user
2025-07-05 12:28:40,577 - INFO - patching driver executable C:\Users\timof\appdata\roaming\undetected_chromedriver\undetected_chromedriver.exe
2025-07-05 12:28:43,125 - INFO - Завантаження головної сторінки Instagram...
2025-07-05 12:30:09,738 - INFO - 🔍 Розширений пошук кнопки входу...
2025-07-05 12:30:11,745 - INFO - Спроба 1 пошуку елемента...
2025-07-05 12:30:13,840 - INFO - Спроба 2 пошуку елемента...
2025-07-05 12:30:15,906 - INFO - Спроба 3 пошуку елемента...
2025-07-05 12:30:15,973 - INFO - === ДІАГНОСТИКА: ВСІ ПОСИЛАННЯ ===
2025-07-05 12:30:16,020 - INFO - 1. '' -> https://www.instagram.com/?nb=l (видимий: True)
2025-07-05 12:30:16,041 - INFO - 2. '' -> https://www.instagram.com/u/direct/ (видимий: True)
2025-07-05 12:30:16,065 - INFO - 3. '' -> https://www.instagram.com/reels/ (видимий: True)
2025-07-05 12:30:16,088 - INFO - 4. '' -> https://www.instagram.com/explore/ (видимий: True)
2025-07-05 12:30:16,108 - INFO - 5. '' -> https://www.instagram.com/u/profile/ (видимий: True)
2025-07-05 12:30:16,109 - WARNING - Переходимо напряму на сторінку входу
2025-07-05 12:30:21,031 - INFO - 🔍 Пошук полів форми входу...
2025-07-05 12:30:23,035 - INFO - Спроба 1 пошуку елемента...
2025-07-05 12:30:23,064 - INFO - ✅ Знайдено елемент: Input name=username
2025-07-05 12:30:23,064 - INFO - Спроба 1 пошуку елемента...
2025-07-05 12:30:23,088 - INFO - ✅ Знайдено елемент: Input name=password
2025-07-05 12:30:23,088 - INFO - ✅ Обидва поля знайдено!
2025-07-05 12:30:23,089 - INFO - Введення логіна...
2025-07-05 12:30:29,059 - INFO - Введення пароля...
2025-07-05 12:30:36,250 - INFO - 🔍 Пошук кнопки відправки...
2025-07-05 12:30:36,250 - INFO - Спроба 1 пошуку елемента...
2025-07-05 12:30:36,405 - INFO - ✅ Знайдено елемент: Any role button
2025-07-05 12:30:36,405 - INFO - ✅ Кнопку відправки знайдено!
2025-07-05 12:30:36,405 - INFO - Натискання кнопки входу...
2025-07-05 12:30:36,406 - INFO - 🖱️ Спроба натискання кнопки входу...
2025-07-05 12:30:37,424 - INFO - Пробую ActionChains клік...
2025-07-05 12:30:39,698 - INFO - Поточний URL після кліка: https://www.instagram.com/accounts/login/
2025-07-05 12:30:44,735 - INFO - Пробую JavaScript клік...
2025-07-05 12:30:46,744 - INFO - Поточний URL після кліка: https://www.instagram.com/accounts/login/
2025-07-05 12:30:51,781 - INFO - Пробую Звичайний клік...
2025-07-05 12:30:53,832 - INFO - Поточний URL після кліка: https://www.instagram.com/accounts/login/
2025-07-05 12:30:58,869 - INFO - Пробую Подвійний клік...
2025-07-05 12:31:01,138 - INFO - Поточний URL після кліка: https://www.instagram.com/accounts/login/
2025-07-05 12:31:06,175 - ERROR - Всі методи кліка не спрацювали
2025-07-05 12:31:06,175 - ERROR - Не вдалося натиснути кнопку входу
2025-07-05 12:31:06,357 - INFO - 🔒 Драйвер для test_user закрито
2025-07-05 12:31:06,357 - INFO - 🔒 Всі драйвери закрито
2025-07-05 12:31:06,357 - INFO - 🔒 Всі драйвери закрито
2025-07-05 12:52:40,388 - INFO - Початок входу в акаунт test_user
2025-07-05 12:52:42,086 - INFO - patching driver executable C:\Users\timof\appdata\roaming\undetected_chromedriver\undetected_chromedriver.exe
2025-07-05 12:52:44,003 - INFO - Завантаження головної сторінки Instagram...
2025-07-05 12:54:10,111 - INFO - 🔍 Розширений пошук кнопки входу...
2025-07-05 12:54:12,116 - INFO - Спроба 1 пошуку елемента...
2025-07-05 12:54:14,211 - INFO - Спроба 2 пошуку елемента...
2025-07-05 12:54:16,274 - INFO - Спроба 3 пошуку елемента...
2025-07-05 12:54:16,326 - INFO - === ДІАГНОСТИКА: ВСІ ПОСИЛАННЯ ===
2025-07-05 12:54:16,371 - INFO - 1. '' -> https://www.instagram.com/?nb=l (видимий: True)
2025-07-05 12:54:16,395 - INFO - 2. '' -> https://www.instagram.com/u/direct/ (видимий: True)
2025-07-05 12:54:16,417 - INFO - 3. '' -> https://www.instagram.com/reels/ (видимий: True)
2025-07-05 12:54:16,439 - INFO - 4. '' -> https://www.instagram.com/explore/ (видимий: True)
2025-07-05 12:54:16,461 - INFO - 5. '' -> https://www.instagram.com/u/profile/ (видимий: True)
2025-07-05 12:54:16,461 - WARNING - Переходимо напряму на сторінку входу
2025-07-05 12:54:21,126 - INFO - 🔍 Пошук полів форми входу...
2025-07-05 12:54:23,130 - INFO - Спроба 1 пошуку елемента...
2025-07-05 12:54:23,159 - INFO - ✅ Знайдено елемент: Input name=username
2025-07-05 12:54:23,159 - INFO - Спроба 1 пошуку елемента...
2025-07-05 12:54:23,182 - INFO - ✅ Знайдено елемент: Input name=password
2025-07-05 12:54:23,182 - INFO - ✅ Обидва поля знайдено!
2025-07-05 12:54:23,183 - INFO - Введення логіна...
2025-07-05 12:54:28,365 - INFO - Введення пароля...
2025-07-05 12:54:37,133 - INFO - 🔍 Пошук кнопки відправки...
2025-07-05 12:54:37,133 - INFO - 🔍 Пошук div кнопок з текстом 'Log in'...
2025-07-05 12:54:37,145 - WARNING - Кнопка 'Log in' не знайдена серед div кнопок
2025-07-05 12:54:37,145 - INFO - Пробую селектор: Div exact text Log in
2025-07-05 12:54:37,158 - INFO - Пробую селектор: Div exact text Log In
2025-07-05 12:54:37,168 - INFO - Пробую селектор: Div contains Log in
2025-07-05 12:54:37,179 - INFO - Пробую селектор: Button text: Log in
2025-07-05 12:54:37,190 - INFO - Пробую селектор: Button type=submit
2025-07-05 12:54:37,222 - INFO - ✅ Знайдено кнопку: Button type=submit (текст: 'Log in')
2025-07-05 12:54:37,222 - INFO - Натискання кнопки входу...
2025-07-05 12:54:37,223 - INFO - 🖱️ Спроба натискання кнопки входу...
2025-07-05 12:54:37,230 - INFO - Текст кнопки: 'Log in'
2025-07-05 12:54:38,254 - INFO - Пробую Прямий клік...
2025-07-05 12:54:46,655 - INFO - Пробую JavaScript клік...
2025-07-05 12:54:53,908 - INFO - Пробую ActionChains з паузою...
2025-07-05 12:54:53,909 - INFO - Пробую Enter у полі пароля...
2025-07-05 12:54:53,909 - INFO - Пробую JavaScript submit форми...
2025-07-05 12:54:53,910 - ERROR - Всі підходи до кліка не спрацювали
2025-07-05 12:54:53,911 - WARNING - Стандартний клік не спрацював, пробуємо примусовий вхід...
2025-07-05 12:54:53,911 - INFO - 🔥 Примусова спроба входу...
2025-07-05 12:54:53,995 - INFO - 🔒 Драйвер для test_user закрито
2025-07-05 12:54:53,995 - INFO - 🔒 Всі драйвери закрито
2025-07-05 12:54:53,995 - INFO - 🔒 Всі драйвери закрито
2025-07-05 13:05:51,041 - INFO - Початок входу в акаунт test_user
2025-07-05 13:05:52,688 - INFO - patching driver executable C:\Users\timof\appdata\roaming\undetected_chromedriver\undetected_chromedriver.exe
2025-07-05 13:06:09,354 - INFO - Початок входу в акаунт test_user
2025-07-05 13:06:15,797 - INFO - patching driver executable C:\Users\timof\appdata\roaming\undetected_chromedriver\undetected_chromedriver.exe
2025-07-05 13:06:17,592 - INFO - Завантаження головної сторінки Instagram...
2025-07-05 13:07:45,107 - INFO - 🔍 Розширений пошук кнопки входу...
2025-07-05 13:07:47,113 - INFO - Спроба 1 пошуку елемента...
2025-07-05 13:07:49,221 - INFO - Спроба 2 пошуку елемента...
2025-07-05 13:07:51,283 - INFO - Спроба 3 пошуку елемента...
2025-07-05 13:07:51,337 - INFO - === ДІАГНОСТИКА: ВСІ ПОСИЛАННЯ ===
2025-07-05 13:07:51,385 - INFO - 1. '' -> https://www.instagram.com/?nb=l (видимий: True)
2025-07-05 13:07:51,407 - INFO - 2. '' -> https://www.instagram.com/u/direct/ (видимий: True)
2025-07-05 13:07:51,430 - INFO - 3. '' -> https://www.instagram.com/reels/ (видимий: True)
2025-07-05 13:07:51,454 - INFO - 4. '' -> https://www.instagram.com/explore/ (видимий: True)
2025-07-05 13:07:51,478 - INFO - 5. '' -> https://www.instagram.com/u/profile/ (видимий: True)
2025-07-05 13:07:51,478 - WARNING - Переходимо напряму на сторінку входу
2025-07-05 13:07:54,871 - INFO - 🔍 Пошук полів форми входу...
2025-07-05 13:07:56,876 - INFO - Спроба 1 пошуку елемента...
2025-07-05 13:07:56,906 - INFO - ✅ Знайдено елемент: Input name=username
2025-07-05 13:07:56,906 - INFO - Спроба 1 пошуку елемента...
2025-07-05 13:07:56,929 - INFO - ✅ Знайдено елемент: Input name=password
2025-07-05 13:07:56,930 - INFO - ✅ Обидва поля знайдено!
2025-07-05 13:07:56,930 - INFO - Введення логіна...
2025-07-05 13:08:03,217 - INFO - Введення пароля...
2025-07-05 13:08:10,442 - INFO - 🔍 Пошук кнопки відправки...
2025-07-05 13:08:10,442 - INFO - 🔍 Пошук div кнопок з текстом 'Log in'...
2025-07-05 13:08:10,452 - WARNING - Кнопка 'Log in' не знайдена серед div кнопок
2025-07-05 13:08:10,452 - INFO - Пробую селектор: Div exact text Log in
2025-07-05 13:08:10,464 - INFO - Пробую селектор: Div exact text Log In
2025-07-05 13:08:10,475 - INFO - Пробую селектор: Div contains Log in
2025-07-05 13:08:10,486 - INFO - Пробую селектор: Button text: Log in
2025-07-05 13:08:10,497 - INFO - Пробую селектор: Button type=submit
2025-07-05 13:08:10,529 - INFO - ✅ Знайдено кнопку: Button type=submit (текст: 'Log in')
2025-07-05 13:08:10,529 - INFO - Натискання кнопки входу...
2025-07-05 13:08:10,529 - INFO - 🖱️ Спроба натискання кнопки входу...
2025-07-05 13:08:10,537 - INFO - Текст кнопки: 'Log in'
2025-07-05 13:08:11,559 - INFO - Пробую Прямий клік...
2025-07-05 13:08:19,971 - INFO - Пробую JavaScript клік...
2025-07-05 13:08:28,297 - INFO - Пробую ActionChains з паузою...
2025-07-05 13:08:29,112 - INFO - Пробую Enter у полі пароля...
2025-07-05 13:08:29,118 - INFO - Пробую JavaScript submit форми...
2025-07-05 13:08:29,124 - ERROR - Всі підходи до кліка не спрацювали
2025-07-05 13:08:29,125 - WARNING - Стандартний клік не спрацював, пробуємо примусовий вхід...
2025-07-05 13:08:29,126 - INFO - 🔥 Примусова спроба входу...
2025-07-05 13:08:29,411 - INFO - 🔒 Драйвер для test_user закрито
2025-07-05 13:08:29,411 - INFO - 🔒 Всі драйвери закрито
2025-07-05 13:08:29,412 - INFO - 🔒 Всі драйвери закрито
2025-07-05 13:10:11,441 - INFO - Початок входу в акаунт alexwent2
2025-07-05 13:10:12,986 - INFO - patching driver executable C:\Users\timof\appdata\roaming\undetected_chromedriver\undetected_chromedriver.exe
2025-07-05 13:10:14,747 - INFO - Завантаження головної сторінки Instagram...
2025-07-05 13:11:43,183 - INFO - 🔍 Розширений пошук кнопки входу...
2025-07-05 13:11:45,251 - INFO - Спроба 1 пошуку елемента...
2025-07-05 13:11:47,347 - INFO - Спроба 2 пошуку елемента...
2025-07-05 13:11:49,414 - INFO - Спроба 3 пошуку елемента...
2025-07-05 13:11:49,467 - INFO - === ДІАГНОСТИКА: ВСІ ПОСИЛАННЯ ===
2025-07-05 13:11:49,513 - INFO - 1. '' -> https://www.instagram.com/?nb=l (видимий: True)
2025-07-05 13:11:49,538 - INFO - 2. '' -> https://www.instagram.com/u/direct/ (видимий: True)
2025-07-05 13:11:49,561 - INFO - 3. '' -> https://www.instagram.com/reels/ (видимий: True)
2025-07-05 13:11:49,584 - INFO - 4. '' -> https://www.instagram.com/explore/ (видимий: True)
2025-07-05 13:11:49,607 - INFO - 5. '' -> https://www.instagram.com/u/profile/ (видимий: True)
2025-07-05 13:11:49,607 - WARNING - Переходимо напряму на сторінку входу
2025-07-05 13:11:53,526 - INFO - 🔍 Пошук полів форми входу...
2025-07-05 13:11:55,530 - INFO - Спроба 1 пошуку елемента...
2025-07-05 13:11:55,560 - INFO - ✅ Знайдено елемент: Input name=username
2025-07-05 13:11:55,560 - INFO - Спроба 1 пошуку елемента...
2025-07-05 13:11:55,582 - INFO - ✅ Знайдено елемент: Input name=password
2025-07-05 13:11:55,583 - INFO - ✅ Обидва поля знайдено!
2025-07-05 13:11:55,583 - INFO - Введення логіна...
2025-07-05 13:11:59,816 - INFO - Введення пароля...
2025-07-05 13:12:06,672 - INFO - 🔍 Пошук кнопки відправки...
2025-07-05 13:12:06,672 - INFO - 🔍 Пошук div кнопок з текстом 'Log in'...
2025-07-05 13:12:06,726 - INFO - Перевіряю div кнопку 1: 'English (US)
Username, email or mobile number
Password
Log in
Forgot password?
Create new account' (видима: True)
2025-07-05 13:12:06,742 - INFO - Перевіряю div кнопку 2: 'English (US)' (видима: True)
2025-07-05 13:12:06,782 - INFO - Перевіряю div кнопку 3: 'Username, email or mobile number' (видима: True)
2025-07-05 13:12:06,799 - INFO - Перевіряю div кнопку 4: '' (видима: False)
2025-07-05 13:12:06,817 - INFO - Перевіряю div кнопку 5: 'Password' (видима: True)
2025-07-05 13:12:06,832 - INFO - Перевіряю div кнопку 6: '' (видима: True)
2025-07-05 13:12:06,849 - INFO - Перевіряю div кнопку 7: 'Log in' (видима: True)
2025-07-05 13:12:06,862 - INFO - ✅ Знайдено кнопку входу за точним текстом: 'Log in'
2025-07-05 13:12:06,862 - INFO - Натискання кнопки входу...
2025-07-05 13:12:06,862 - INFO - 🖱️ Спроба натискання кнопки входу...
2025-07-05 13:12:06,873 - INFO - Текст кнопки: 'Log in'
2025-07-05 13:12:07,896 - INFO - Пробую Прямий клік...
2025-07-05 13:12:19,814 - INFO - Знайдено індикатор успіху: svg[aria-label='Home']
2025-07-05 13:12:19,814 - INFO - ✅ Успішний вхід через Прямий клік! URL: https://www.instagram.com/?deoia=1
2025-07-05 13:12:58,916 - ERROR - Помилка розв'язання капчі: Message: invalid session id
Stacktrace:
	GetHandleVerifier [0x0xfe4553+62419]
	GetHandleVerifier [0x0xfe4594+62484]
	(No symbol) [0x0xe21f90]
	(No symbol) [0x0xe5db48]
	(No symbol) [0x0xe8f326]
	(No symbol) [0x0xe8af15]
	(No symbol) [0x0xe8a496]
	(No symbol) [0x0xdf3a45]
	(No symbol) [0x0xdf3f9e]
	(No symbol) [0x0xdf442d]
	GetHandleVerifier [0x0x1254833+2619059]
	GetHandleVerifier [0x0x124fc4a+2599626]
	GetHandleVerifier [0x0x100b0fa+221050]
	GetHandleVerifier [0x0xffb378+156152]
	GetHandleVerifier [0x0x1001d2d+183213]
	(No symbol) [0x0xdf3710]
	(No symbol) [0x0xdf2f1d]
	GetHandleVerifier [0x0x1388b8c+3881484]
	BaseThreadInitThunk [0x0x7704fcc9+25]
	RtlGetAppContainerNamedObjectPath [0x0x775e82ae+286]
	RtlGetAppContainerNamedObjectPath [0x0x775e827e+238]

2025-07-05 13:12:58,919 - ERROR - Помилка обробки викликів для alexwent2: Message: invalid session id
Stacktrace:
	GetHandleVerifier [0x0xfe4553+62419]
	GetHandleVerifier [0x0xfe4594+62484]
	(No symbol) [0x0xe21f90]
	(No symbol) [0x0xe5db48]
	(No symbol) [0x0xe8f326]
	(No symbol) [0x0xe8af15]
	(No symbol) [0x0xe8a496]
	(No symbol) [0x0xdf3a45]
	(No symbol) [0x0xdf3f9e]
	(No symbol) [0x0xdf442d]
	GetHandleVerifier [0x0x1254833+2619059]
	GetHandleVerifier [0x0x124fc4a+2599626]
	GetHandleVerifier [0x0x100b0fa+221050]
	GetHandleVerifier [0x0xffb378+156152]
	GetHandleVerifier [0x0x1001d2d+183213]
	(No symbol) [0x0xdf3710]
	(No symbol) [0x0xdf2f1d]
	GetHandleVerifier [0x0x1388b8c+3881484]
	BaseThreadInitThunk [0x0x7704fcc9+25]
	RtlGetAppContainerNamedObjectPath [0x0x775e82ae+286]
	RtlGetAppContainerNamedObjectPath [0x0x775e827e+238]

2025-07-05 13:12:58,922 - ERROR - ❌ Помилка входу для alexwent2
2025-07-05 13:12:59,132 - INFO - 🔒 Драйвер для alexwent2 закрито
2025-07-05 13:12:59,132 - INFO - 🔒 Всі драйвери закрито
2025-07-05 13:12:59,132 - INFO - 🔒 Всі драйвери закрито
2025-07-05 13:23:29,834 - INFO - Початок входу в акаунт alexwent2
