2025-07-05 10:41:34,215 - root - ERROR - Помилка створення драйвера для alexwent2: Message: invalid argument: cannot parse capability: goog:chromeOptions
from invalid argument: unrecognized chrome option: mobileEmulation
Stacktrace:
	GetHandleVerifier [0x0xb24553+62419]
	GetHandleVerifier [0x0xb24594+62484]
	(No symbol) [0x0x962133]
	(No symbol) [0x0x989723]
	(No symbol) [0x0x98aeb0]
	(No symbol) [0x0x985fea]
	(No symbol) [0x0x9d9832]
	(No symbol) [0x0x9d931c]
	(No symbol) [0x0x9daa20]
	(No symbol) [0x0x9da82a]
	(No symbol) [0x0x9cf266]
	(No symbol) [0x0x99e852]
	(No symbol) [0x0x99f6f4]
	GetHandleVerifier [0x0xd94833+2619059]
	GetHandleVerifier [0x0xd8fc4a+2599626]
	GetHandleVerifier [0x0xb4b0fa+221050]
	GetHandleVerifier [0x0xb3b378+156152]
	GetHandleVerifier [0x0xb41d2d+183213]
	GetHandleVerifier [0x0xb2c438+94904]
	GetHandleVerifier [0x0xb2c5c2+95298]
	GetHandleVerifier [0x0xb1771a+9626]
	BaseThreadInitThunk [0x0x7704fcc9+25]
	RtlGetAppContainerNamedObjectPath [0x0x775e82ae+286]
	RtlGetAppContainerNamedObjectPath [0x0x775e827e+238]

2025-07-05 10:41:34,217 - root - ERROR - Критична помилка входу для alexwent2: Message: invalid argument: cannot parse capability: goog:chromeOptions
from invalid argument: unrecognized chrome option: mobileEmulation
Stacktrace:
	GetHandleVerifier [0x0xb24553+62419]
	GetHandleVerifier [0x0xb24594+62484]
	(No symbol) [0x0x962133]
	(No symbol) [0x0x989723]
	(No symbol) [0x0x98aeb0]
	(No symbol) [0x0x985fea]
	(No symbol) [0x0x9d9832]
	(No symbol) [0x0x9d931c]
	(No symbol) [0x0x9daa20]
	(No symbol) [0x0x9da82a]
	(No symbol) [0x0x9cf266]
	(No symbol) [0x0x99e852]
	(No symbol) [0x0x99f6f4]
	GetHandleVerifier [0x0xd94833+2619059]
	GetHandleVerifier [0x0xd8fc4a+2599626]
	GetHandleVerifier [0x0xb4b0fa+221050]
	GetHandleVerifier [0x0xb3b378+156152]
	GetHandleVerifier [0x0xb41d2d+183213]
	GetHandleVerifier [0x0xb2c438+94904]
	GetHandleVerifier [0x0xb2c5c2+95298]
	GetHandleVerifier [0x0xb1771a+9626]
	BaseThreadInitThunk [0x0x7704fcc9+25]
	RtlGetAppContainerNamedObjectPath [0x0x775e82ae+286]
	RtlGetAppContainerNamedObjectPath [0x0x775e827e+238]

2025-07-05 10:47:52,679 - root - ERROR - Помилка створення драйвера для alexwent2: Message: session not created: cannot connect to chrome at 127.0.0.1:50582
from session not created: This version of ChromeDriver only supports Chrome version 138
Current browser version is 137.0.7151.120
Stacktrace:
	GetHandleVerifier [0x0x1164553+62419]
	GetHandleVerifier [0x0x1164594+62484]
	(No symbol) [0x0xfa2133]
	(No symbol) [0x0xfdbfab]
	(No symbol) [0x0xfdafc9]
	(No symbol) [0x0xfd132f]
	(No symbol) [0x0xfd1166]
	(No symbol) [0x0x101af3e]
	(No symbol) [0x0x101a82a]
	(No symbol) [0x0x100f266]
	(No symbol) [0x0xfde852]
	(No symbol) [0x0xfdf6f4]
	GetHandleVerifier [0x0x13d4833+2619059]
	GetHandleVerifier [0x0x13cfc4a+2599626]
	GetHandleVerifier [0x0x118b0fa+221050]
	GetHandleVerifier [0x0x117b378+156152]
	GetHandleVerifier [0x0x1181d2d+183213]
	GetHandleVerifier [0x0x116c438+94904]
	GetHandleVerifier [0x0x116c5c2+95298]
	GetHandleVerifier [0x0x115771a+9626]
	BaseThreadInitThunk [0x0x7704fcc9+25]
	RtlGetAppContainerNamedObjectPath [0x0x775e82ae+286]
	RtlGetAppContainerNamedObjectPath [0x0x775e827e+238]

2025-07-05 10:47:52,679 - root - ERROR - Критична помилка входу для alexwent2: Message: session not created: cannot connect to chrome at 127.0.0.1:50582
from session not created: This version of ChromeDriver only supports Chrome version 138
Current browser version is 137.0.7151.120
Stacktrace:
	GetHandleVerifier [0x0x1164553+62419]
	GetHandleVerifier [0x0x1164594+62484]
	(No symbol) [0x0xfa2133]
	(No symbol) [0x0xfdbfab]
	(No symbol) [0x0xfdafc9]
	(No symbol) [0x0xfd132f]
	(No symbol) [0x0xfd1166]
	(No symbol) [0x0x101af3e]
	(No symbol) [0x0x101a82a]
	(No symbol) [0x0x100f266]
	(No symbol) [0x0xfde852]
	(No symbol) [0x0xfdf6f4]
	GetHandleVerifier [0x0x13d4833+2619059]
	GetHandleVerifier [0x0x13cfc4a+2599626]
	GetHandleVerifier [0x0x118b0fa+221050]
	GetHandleVerifier [0x0x117b378+156152]
	GetHandleVerifier [0x0x1181d2d+183213]
	GetHandleVerifier [0x0x116c438+94904]
	GetHandleVerifier [0x0x116c5c2+95298]
	GetHandleVerifier [0x0x115771a+9626]
	BaseThreadInitThunk [0x0x7704fcc9+25]
	RtlGetAppContainerNamedObjectPath [0x0x775e82ae+286]
	RtlGetAppContainerNamedObjectPath [0x0x775e827e+238]

2025-07-05 10:51:35,999 - root - ERROR - Помилка створення драйвера для alexwent2: Message: session not created: cannot connect to chrome at 127.0.0.1:50647
from session not created: This version of ChromeDriver only supports Chrome version 138
Current browser version is 137.0.7151.120
Stacktrace:
	GetHandleVerifier [0x0x6a4553+62419]
	GetHandleVerifier [0x0x6a4594+62484]
	(No symbol) [0x0x4e2133]
	(No symbol) [0x0x51bfab]
	(No symbol) [0x0x51afc9]
	(No symbol) [0x0x51132f]
	(No symbol) [0x0x511166]
	(No symbol) [0x0x55af3e]
	(No symbol) [0x0x55a82a]
	(No symbol) [0x0x54f266]
	(No symbol) [0x0x51e852]
	(No symbol) [0x0x51f6f4]
	GetHandleVerifier [0x0x914833+2619059]
	GetHandleVerifier [0x0x90fc4a+2599626]
	GetHandleVerifier [0x0x6cb0fa+221050]
	GetHandleVerifier [0x0x6bb378+156152]
	GetHandleVerifier [0x0x6c1d2d+183213]
	GetHandleVerifier [0x0x6ac438+94904]
	GetHandleVerifier [0x0x6ac5c2+95298]
	GetHandleVerifier [0x0x69771a+9626]
	BaseThreadInitThunk [0x0x7704fcc9+25]
	RtlGetAppContainerNamedObjectPath [0x0x775e82ae+286]
	RtlGetAppContainerNamedObjectPath [0x0x775e827e+238]

2025-07-05 10:51:36,000 - root - ERROR - Критична помилка входу для alexwent2: Message: session not created: cannot connect to chrome at 127.0.0.1:50647
from session not created: This version of ChromeDriver only supports Chrome version 138
Current browser version is 137.0.7151.120
Stacktrace:
	GetHandleVerifier [0x0x6a4553+62419]
	GetHandleVerifier [0x0x6a4594+62484]
	(No symbol) [0x0x4e2133]
	(No symbol) [0x0x51bfab]
	(No symbol) [0x0x51afc9]
	(No symbol) [0x0x51132f]
	(No symbol) [0x0x511166]
	(No symbol) [0x0x55af3e]
	(No symbol) [0x0x55a82a]
	(No symbol) [0x0x54f266]
	(No symbol) [0x0x51e852]
	(No symbol) [0x0x51f6f4]
	GetHandleVerifier [0x0x914833+2619059]
	GetHandleVerifier [0x0x90fc4a+2599626]
	GetHandleVerifier [0x0x6cb0fa+221050]
	GetHandleVerifier [0x0x6bb378+156152]
	GetHandleVerifier [0x0x6c1d2d+183213]
	GetHandleVerifier [0x0x6ac438+94904]
	GetHandleVerifier [0x0x6ac5c2+95298]
	GetHandleVerifier [0x0x69771a+9626]
	BaseThreadInitThunk [0x0x7704fcc9+25]
	RtlGetAppContainerNamedObjectPath [0x0x775e82ae+286]
	RtlGetAppContainerNamedObjectPath [0x0x775e827e+238]

2025-07-05 10:55:02,031 - root - ERROR - Помилка створення драйвера для alexwent2: Message: session not created: cannot connect to chrome at 127.0.0.1:50691
from session not created: This version of ChromeDriver only supports Chrome version 138
Current browser version is 137.0.7151.120
Stacktrace:
	GetHandleVerifier [0x0x2e4553+62419]
	GetHandleVerifier [0x0x2e4594+62484]
	(No symbol) [0x0x122133]
	(No symbol) [0x0x15bfab]
	(No symbol) [0x0x15afc9]
	(No symbol) [0x0x15132f]
	(No symbol) [0x0x151166]
	(No symbol) [0x0x19af3e]
	(No symbol) [0x0x19a82a]
	(No symbol) [0x0x18f266]
	(No symbol) [0x0x15e852]
	(No symbol) [0x0x15f6f4]
	GetHandleVerifier [0x0x554833+2619059]
	GetHandleVerifier [0x0x54fc4a+2599626]
	GetHandleVerifier [0x0x30b0fa+221050]
	GetHandleVerifier [0x0x2fb378+156152]
	GetHandleVerifier [0x0x301d2d+183213]
	GetHandleVerifier [0x0x2ec438+94904]
	GetHandleVerifier [0x0x2ec5c2+95298]
	GetHandleVerifier [0x0x2d771a+9626]
	BaseThreadInitThunk [0x0x7704fcc9+25]
	RtlGetAppContainerNamedObjectPath [0x0x775e82ae+286]
	RtlGetAppContainerNamedObjectPath [0x0x775e827e+238]
	(No symbol) [0x0]

2025-07-05 10:55:02,033 - root - ERROR - Критична помилка входу для alexwent2: Message: session not created: cannot connect to chrome at 127.0.0.1:50691
from session not created: This version of ChromeDriver only supports Chrome version 138
Current browser version is 137.0.7151.120
Stacktrace:
	GetHandleVerifier [0x0x2e4553+62419]
	GetHandleVerifier [0x0x2e4594+62484]
	(No symbol) [0x0x122133]
	(No symbol) [0x0x15bfab]
	(No symbol) [0x0x15afc9]
	(No symbol) [0x0x15132f]
	(No symbol) [0x0x151166]
	(No symbol) [0x0x19af3e]
	(No symbol) [0x0x19a82a]
	(No symbol) [0x0x18f266]
	(No symbol) [0x0x15e852]
	(No symbol) [0x0x15f6f4]
	GetHandleVerifier [0x0x554833+2619059]
	GetHandleVerifier [0x0x54fc4a+2599626]
	GetHandleVerifier [0x0x30b0fa+221050]
	GetHandleVerifier [0x0x2fb378+156152]
	GetHandleVerifier [0x0x301d2d+183213]
	GetHandleVerifier [0x0x2ec438+94904]
	GetHandleVerifier [0x0x2ec5c2+95298]
	GetHandleVerifier [0x0x2d771a+9626]
	BaseThreadInitThunk [0x0x7704fcc9+25]
	RtlGetAppContainerNamedObjectPath [0x0x775e82ae+286]
	RtlGetAppContainerNamedObjectPath [0x0x775e827e+238]
	(No symbol) [0x0]

2025-07-05 10:57:42,466 - root - ERROR - Критична помилка входу для alexwent2: Message: invalid session id
Stacktrace:
	GetHandleVerifier [0x0xeb4553+62419]
	GetHandleVerifier [0x0xeb4594+62484]
	(No symbol) [0x0xcf1f90]
	(No symbol) [0x0xd2db48]
	(No symbol) [0x0xd5f326]
	(No symbol) [0x0xd5af15]
	(No symbol) [0x0xd5a496]
	(No symbol) [0x0xcc3a45]
	(No symbol) [0x0xcc3f9e]
	(No symbol) [0x0xcc442d]
	GetHandleVerifier [0x0x1124833+2619059]
	GetHandleVerifier [0x0x111fc4a+2599626]
	GetHandleVerifier [0x0xedb0fa+221050]
	GetHandleVerifier [0x0xecb378+156152]
	GetHandleVerifier [0x0xed1d2d+183213]
	(No symbol) [0x0xcc3710]
	(No symbol) [0x0xcc2f1d]
	GetHandleVerifier [0x0x1258b8c+3881484]
	BaseThreadInitThunk [0x0x7704fcc9+25]
	RtlGetAppContainerNamedObjectPath [0x0x775e82ae+286]
	RtlGetAppContainerNamedObjectPath [0x0x775e827e+238]

2025-07-05 11:00:50,680 - root - ERROR - Помилка навігації до профілю tomwoker1: HTTPConnectionPool(host='localhost', port=50859): Max retries exceeded with url: /session/bd2d04f91715455432261d8867401514/url (Caused by NewConnectionError('<urllib3.connection.HTTPConnection object at 0x0000020A68C66A90>: Failed to establish a new connection: [WinError 10061] No connection could be made because the target machine actively refused it'))
2025-07-05 11:01:16,129 - root - ERROR - Помилка перегляду сторіс tomwoker1: HTTPConnectionPool(host='localhost', port=50859): Max retries exceeded with url: /session/bd2d04f91715455432261d8867401514/url (Caused by NewConnectionError('<urllib3.connection.HTTPConnection object at 0x0000020A68C56310>: Failed to establish a new connection: [WinError 10061] No connection could be made because the target machine actively refused it'))
2025-07-05 11:02:12,418 - root - ERROR - Критична помилка входу для alexwent2: Message: invalid session id
Stacktrace:
	GetHandleVerifier [0x0x10d4553+62419]
	GetHandleVerifier [0x0x10d4594+62484]
	(No symbol) [0x0xf11f90]
	(No symbol) [0x0xf4db48]
	(No symbol) [0x0xf7f326]
	(No symbol) [0x0xf7af15]
	(No symbol) [0x0xf7a496]
	(No symbol) [0x0xee3a45]
	(No symbol) [0x0xee3f9e]
	(No symbol) [0x0xee442d]
	GetHandleVerifier [0x0x1344833+2619059]
	GetHandleVerifier [0x0x133fc4a+2599626]
	GetHandleVerifier [0x0x10fb0fa+221050]
	GetHandleVerifier [0x0x10eb378+156152]
	GetHandleVerifier [0x0x10f1d2d+183213]
	(No symbol) [0x0xee3710]
	(No symbol) [0x0xee2f1d]
	GetHandleVerifier [0x0x1478b8c+3881484]
	BaseThreadInitThunk [0x0x7704fcc9+25]
	RtlGetAppContainerNamedObjectPath [0x0x775e82ae+286]
	RtlGetAppContainerNamedObjectPath [0x0x775e827e+238]

2025-07-05 11:02:22,283 - root - ERROR - Помилка перегляду сторіс tomwoker1: Message: invalid session id
Stacktrace:
	GetHandleVerifier [0x0x10d4553+62419]
	GetHandleVerifier [0x0x10d4594+62484]
	(No symbol) [0x0xf11f90]
	(No symbol) [0x0xf4db48]
	(No symbol) [0x0xf7f326]
	(No symbol) [0x0xf7af15]
	(No symbol) [0x0xf7a496]
	(No symbol) [0x0xee3a45]
	(No symbol) [0x0xee3f9e]
	(No symbol) [0x0xee442d]
	GetHandleVerifier [0x0x1344833+2619059]
	GetHandleVerifier [0x0x133fc4a+2599626]
	GetHandleVerifier [0x0x10fb0fa+221050]
	GetHandleVerifier [0x0x10eb378+156152]
	GetHandleVerifier [0x0x10f1d2d+183213]
	(No symbol) [0x0xee3710]
	(No symbol) [0x0xee2f1d]
	GetHandleVerifier [0x0x1478b8c+3881484]
	BaseThreadInitThunk [0x0x7704fcc9+25]
	RtlGetAppContainerNamedObjectPath [0x0x775e82ae+286]
	RtlGetAppContainerNamedObjectPath [0x0x775e827e+238]

2025-07-05 11:05:33,437 - root - ERROR - Критична помилка входу для alexwent2: Message: invalid session id
Stacktrace:
	GetHandleVerifier [0x0x564553+62419]
	GetHandleVerifier [0x0x564594+62484]
	(No symbol) [0x0x3a1f90]
	(No symbol) [0x0x3ddb48]
	(No symbol) [0x0x40f326]
	(No symbol) [0x0x40af15]
	(No symbol) [0x0x40a496]
	(No symbol) [0x0x373a45]
	(No symbol) [0x0x373f9e]
	(No symbol) [0x0x37442d]
	GetHandleVerifier [0x0x7d4833+2619059]
	GetHandleVerifier [0x0x7cfc4a+2599626]
	GetHandleVerifier [0x0x58b0fa+221050]
	GetHandleVerifier [0x0x57b378+156152]
	GetHandleVerifier [0x0x581d2d+183213]
	(No symbol) [0x0x373710]
	(No symbol) [0x0x372f1d]
	GetHandleVerifier [0x0x908b8c+3881484]
	BaseThreadInitThunk [0x0x7704fcc9+25]
	RtlGetAppContainerNamedObjectPath [0x0x775e82ae+286]
	RtlGetAppContainerNamedObjectPath [0x0x775e827e+238]

2025-07-05 11:05:44,164 - root - ERROR - Помилка перегляду сторіс tomwoker1: Message: invalid session id
Stacktrace:
	GetHandleVerifier [0x0x564553+62419]
	GetHandleVerifier [0x0x564594+62484]
	(No symbol) [0x0x3a1f90]
	(No symbol) [0x0x3ddb48]
	(No symbol) [0x0x40f326]
	(No symbol) [0x0x40af15]
	(No symbol) [0x0x40a496]
	(No symbol) [0x0x373a45]
	(No symbol) [0x0x373f9e]
	(No symbol) [0x0x37442d]
	GetHandleVerifier [0x0x7d4833+2619059]
	GetHandleVerifier [0x0x7cfc4a+2599626]
	GetHandleVerifier [0x0x58b0fa+221050]
	GetHandleVerifier [0x0x57b378+156152]
	GetHandleVerifier [0x0x581d2d+183213]
	(No symbol) [0x0x373710]
	(No symbol) [0x0x372f1d]
	GetHandleVerifier [0x0x908b8c+3881484]
	BaseThreadInitThunk [0x0x7704fcc9+25]
	RtlGetAppContainerNamedObjectPath [0x0x775e82ae+286]
	RtlGetAppContainerNamedObjectPath [0x0x775e827e+238]

2025-07-05 11:05:56,494 - root - ERROR - ❌ Помилка обробки цілі tomwoker1: Message: invalid session id
Stacktrace:
	GetHandleVerifier [0x0x564553+62419]
	GetHandleVerifier [0x0x564594+62484]
	(No symbol) [0x0x3a1f90]
	(No symbol) [0x0x3ddb48]
	(No symbol) [0x0x40f326]
	(No symbol) [0x0x40af15]
	(No symbol) [0x0x40a496]
	(No symbol) [0x0x373a45]
	(No symbol) [0x0x373f9e]
	(No symbol) [0x0x37442d]
	GetHandleVerifier [0x0x7d4833+2619059]
	GetHandleVerifier [0x0x7cfc4a+2599626]
	GetHandleVerifier [0x0x58b0fa+221050]
	GetHandleVerifier [0x0x57b378+156152]
	GetHandleVerifier [0x0x581d2d+183213]
	(No symbol) [0x0x373710]
	(No symbol) [0x0x372f1d]
	GetHandleVerifier [0x0x908b8c+3881484]
	BaseThreadInitThunk [0x0x7704fcc9+25]
	RtlGetAppContainerNamedObjectPath [0x0x775e82ae+286]
	RtlGetAppContainerNamedObjectPath [0x0x775e827e+238]

2025-07-05 11:11:17,106 - root - ERROR - Критична помилка входу для alexwent2: Message: invalid session id
Stacktrace:
	GetHandleVerifier [0x0xa84553+62419]
	GetHandleVerifier [0x0xa84594+62484]
	(No symbol) [0x0x8c1f90]
	(No symbol) [0x0x8fdb48]
	(No symbol) [0x0x92f326]
	(No symbol) [0x0x92af15]
	(No symbol) [0x0x92a496]
	(No symbol) [0x0x893a45]
	(No symbol) [0x0x893f9e]
	(No symbol) [0x0x89442d]
	GetHandleVerifier [0x0xcf4833+2619059]
	GetHandleVerifier [0x0xcefc4a+2599626]
	GetHandleVerifier [0x0xaab0fa+221050]
	GetHandleVerifier [0x0xa9b378+156152]
	GetHandleVerifier [0x0xaa1d2d+183213]
	(No symbol) [0x0x893710]
	(No symbol) [0x0x892f1d]
	GetHandleVerifier [0x0xe28b8c+3881484]
	BaseThreadInitThunk [0x0x7704fcc9+25]
	RtlGetAppContainerNamedObjectPath [0x0x775e82ae+286]
	RtlGetAppContainerNamedObjectPath [0x0x775e827e+238]

2025-07-05 11:12:23,136 - root - ERROR - Критична помилка входу для alexwent2: Message: invalid session id
Stacktrace:
	GetHandleVerifier [0x0xe84553+62419]
	GetHandleVerifier [0x0xe84594+62484]
	(No symbol) [0x0xcc1f90]
	(No symbol) [0x0xcfdb48]
	(No symbol) [0x0xd2f326]
	(No symbol) [0x0xd2af15]
	(No symbol) [0x0xd2a496]
	(No symbol) [0x0xc93a45]
	(No symbol) [0x0xc93f9e]
	(No symbol) [0x0xc9442d]
	GetHandleVerifier [0x0x10f4833+2619059]
	GetHandleVerifier [0x0x10efc4a+2599626]
	GetHandleVerifier [0x0xeab0fa+221050]
	GetHandleVerifier [0x0xe9b378+156152]
	GetHandleVerifier [0x0xea1d2d+183213]
	(No symbol) [0x0xc93710]
	(No symbol) [0x0xc92f1d]
	GetHandleVerifier [0x0x1228b8c+3881484]
	BaseThreadInitThunk [0x0x7704fcc9+25]
	RtlGetAppContainerNamedObjectPath [0x0x775e82ae+286]
	RtlGetAppContainerNamedObjectPath [0x0x775e827e+238]

2025-07-05 11:17:03,829 - root - ERROR - Критична помилка входу для alexwent2: Message: 
Stacktrace:
	GetHandleVerifier [0x0x1064553+62419]
	GetHandleVerifier [0x0x1064594+62484]
	(No symbol) [0x0xea2133]
	(No symbol) [0x0xeea8fe]
	(No symbol) [0x0xeeac9b]
	(No symbol) [0x0xf33052]
	(No symbol) [0x0xf0f4b4]
	(No symbol) [0x0xf3087a]
	(No symbol) [0x0xf0f266]
	(No symbol) [0x0xede852]
	(No symbol) [0x0xedf6f4]
	GetHandleVerifier [0x0x12d4833+2619059]
	GetHandleVerifier [0x0x12cfc4a+2599626]
	GetHandleVerifier [0x0x108b0fa+221050]
	GetHandleVerifier [0x0x107b378+156152]
	GetHandleVerifier [0x0x1081d2d+183213]
	GetHandleVerifier [0x0x106c438+94904]
	GetHandleVerifier [0x0x106c5c2+95298]
	GetHandleVerifier [0x0x105771a+9626]
	BaseThreadInitThunk [0x0x7704fcc9+25]
	RtlGetAppContainerNamedObjectPath [0x0x775e82ae+286]
	RtlGetAppContainerNamedObjectPath [0x0x775e827e+238]

2025-07-05 11:25:21,031 - root - ERROR - Критична помилка входу для alexwent2: Message: invalid session id
Stacktrace:
	GetHandleVerifier [0x0xeb4553+62419]
	GetHandleVerifier [0x0xeb4594+62484]
	(No symbol) [0x0xcf1f90]
	(No symbol) [0x0xd2db48]
	(No symbol) [0x0xd5f326]
	(No symbol) [0x0xd5af15]
	(No symbol) [0x0xd5a496]
	(No symbol) [0x0xcc3a45]
	(No symbol) [0x0xcc3f9e]
	(No symbol) [0x0xcc442d]
	GetHandleVerifier [0x0x1124833+2619059]
	GetHandleVerifier [0x0x111fc4a+2599626]
	GetHandleVerifier [0x0xedb0fa+221050]
	GetHandleVerifier [0x0xecb378+156152]
	GetHandleVerifier [0x0xed1d2d+183213]
	(No symbol) [0x0xcc3710]
	(No symbol) [0x0xcc2f1d]
	GetHandleVerifier [0x0x1258b8c+3881484]
	BaseThreadInitThunk [0x0x7704fcc9+25]
	RtlGetAppContainerNamedObjectPath [0x0x775e82ae+286]
	RtlGetAppContainerNamedObjectPath [0x0x775e827e+238]

2025-07-05 11:37:01,072 - root - ERROR - Критична помилка входу для alexwent2: Message: invalid session id
Stacktrace:
	GetHandleVerifier [0x0xbf4553+62419]
	GetHandleVerifier [0x0xbf4594+62484]
	(No symbol) [0x0xa31f90]
	(No symbol) [0x0xa6db48]
	(No symbol) [0x0xa9f326]
	(No symbol) [0x0xa9af15]
	(No symbol) [0x0xa9a496]
	(No symbol) [0x0xa03a45]
	(No symbol) [0x0xa03f9e]
	(No symbol) [0x0xa0442d]
	GetHandleVerifier [0x0xe64833+2619059]
	GetHandleVerifier [0x0xe5fc4a+2599626]
	GetHandleVerifier [0x0xc1b0fa+221050]
	GetHandleVerifier [0x0xc0b378+156152]
	GetHandleVerifier [0x0xc11d2d+183213]
	(No symbol) [0x0xa03710]
	(No symbol) [0x0xa02f1d]
	GetHandleVerifier [0x0xf98b8c+3881484]
	BaseThreadInitThunk [0x0x7704fcc9+25]
	RtlGetAppContainerNamedObjectPath [0x0x775e82ae+286]
	RtlGetAppContainerNamedObjectPath [0x0x775e827e+238]

2025-07-05 11:38:44,489 - root - ERROR - Критична помилка входу для alexwent2: Message: invalid session id
Stacktrace:
	GetHandleVerifier [0x0x734553+62419]
	GetHandleVerifier [0x0x734594+62484]
	(No symbol) [0x0x571f90]
	(No symbol) [0x0x5adb48]
	(No symbol) [0x0x5df326]
	(No symbol) [0x0x5daf15]
	(No symbol) [0x0x5da496]
	(No symbol) [0x0x543a45]
	(No symbol) [0x0x543f9e]
	(No symbol) [0x0x54442d]
	GetHandleVerifier [0x0x9a4833+2619059]
	GetHandleVerifier [0x0x99fc4a+2599626]
	GetHandleVerifier [0x0x75b0fa+221050]
	GetHandleVerifier [0x0x74b378+156152]
	GetHandleVerifier [0x0x751d2d+183213]
	(No symbol) [0x0x543710]
	(No symbol) [0x0x542f1d]
	GetHandleVerifier [0x0xad8b8c+3881484]
	BaseThreadInitThunk [0x0x7704fcc9+25]
	RtlGetAppContainerNamedObjectPath [0x0x775e82ae+286]
	RtlGetAppContainerNamedObjectPath [0x0x775e827e+238]

2025-07-05 11:38:58,749 - root - ERROR - Помилка перегляду сторіс tomwoker1: Message: invalid session id
Stacktrace:
	GetHandleVerifier [0x0x734553+62419]
	GetHandleVerifier [0x0x734594+62484]
	(No symbol) [0x0x571f90]
	(No symbol) [0x0x5adb48]
	(No symbol) [0x0x5df326]
	(No symbol) [0x0x5daf15]
	(No symbol) [0x0x5da496]
	(No symbol) [0x0x543a45]
	(No symbol) [0x0x543f9e]
	(No symbol) [0x0x54442d]
	GetHandleVerifier [0x0x9a4833+2619059]
	GetHandleVerifier [0x0x99fc4a+2599626]
	GetHandleVerifier [0x0x75b0fa+221050]
	GetHandleVerifier [0x0x74b378+156152]
	GetHandleVerifier [0x0x751d2d+183213]
	(No symbol) [0x0x543710]
	(No symbol) [0x0x542f1d]
	GetHandleVerifier [0x0xad8b8c+3881484]
	BaseThreadInitThunk [0x0x7704fcc9+25]
	RtlGetAppContainerNamedObjectPath [0x0x775e82ae+286]
	RtlGetAppContainerNamedObjectPath [0x0x775e827e+238]

2025-07-05 11:39:11,799 - root - ERROR - ❌ Помилка обробки цілі tomwoker1: Message: invalid session id
Stacktrace:
	GetHandleVerifier [0x0x734553+62419]
	GetHandleVerifier [0x0x734594+62484]
	(No symbol) [0x0x571f90]
	(No symbol) [0x0x5adb48]
	(No symbol) [0x0x5df326]
	(No symbol) [0x0x5daf15]
	(No symbol) [0x0x5da496]
	(No symbol) [0x0x543a45]
	(No symbol) [0x0x543f9e]
	(No symbol) [0x0x54442d]
	GetHandleVerifier [0x0x9a4833+2619059]
	GetHandleVerifier [0x0x99fc4a+2599626]
	GetHandleVerifier [0x0x75b0fa+221050]
	GetHandleVerifier [0x0x74b378+156152]
	GetHandleVerifier [0x0x751d2d+183213]
	(No symbol) [0x0x543710]
	(No symbol) [0x0x542f1d]
	GetHandleVerifier [0x0xad8b8c+3881484]
	BaseThreadInitThunk [0x0x7704fcc9+25]
	RtlGetAppContainerNamedObjectPath [0x0x775e82ae+286]
	RtlGetAppContainerNamedObjectPath [0x0x775e827e+238]

2025-07-05 11:46:06,943 - root - ERROR - Кнопка входу не знайдена для alexwent2
2025-07-05 11:52:01,397 - root - ERROR - Критична помилка входу для alexwent2: Message: no such window: target window already closed
from unknown error: web view not found
  (Session info: chrome=138.0.7204.97)
Stacktrace:
	GetHandleVerifier [0x0x1064553+62419]
	GetHandleVerifier [0x0x1064594+62484]
	(No symbol) [0x0xea2133]
	(No symbol) [0x0xe80fd9]
	(No symbol) [0x0xf15b9e]
	(No symbol) [0x0xf30159]
	(No symbol) [0x0xf0f266]
	(No symbol) [0x0xede852]
	(No symbol) [0x0xedf6f4]
	GetHandleVerifier [0x0x12d4833+2619059]
	GetHandleVerifier [0x0x12cfc4a+2599626]
	GetHandleVerifier [0x0x108b0fa+221050]
	GetHandleVerifier [0x0x107b378+156152]
	GetHandleVerifier [0x0x1081d2d+183213]
	GetHandleVerifier [0x0x106c438+94904]
	GetHandleVerifier [0x0x106c5c2+95298]
	GetHandleVerifier [0x0x105771a+9626]
	BaseThreadInitThunk [0x0x7704fcc9+25]
	RtlGetAppContainerNamedObjectPath [0x0x775e82ae+286]
	RtlGetAppContainerNamedObjectPath [0x0x775e827e+238]

2025-07-05 11:55:23,625 - root - ERROR - Кнопка входу не знайдена для alexwent2
2025-07-05 12:01:58,630 - root - ERROR - Кнопка входу не знайдена для alexwent2
2025-07-05 12:36:15,274 - root - ERROR - Акаунт alexwent2 не залогінений
2025-07-05 12:36:21,909 - root - ERROR - Акаунт alexwent2 не залогінений
2025-07-05 13:23:56,443 - root - ERROR - ❌ Помилка обробки цілі tomwoker1: 'InstagramBot' object has no attribute 'like_last_posts'
2025-07-05 13:49:14,499 - root - ERROR - Ошибка создания драйвера: Message: invalid argument: cannot parse capability: goog:chromeOptions
from invalid argument: unrecognized chrome option: excludeSwitches
Stacktrace:
	GetHandleVerifier [0x0xb94553+62419]
	GetHandleVerifier [0x0xb94594+62484]
	(No symbol) [0x0x9d2133]
	(No symbol) [0x0x9f9723]
	(No symbol) [0x0x9faeb0]
	(No symbol) [0x0x9f5fea]
	(No symbol) [0x0xa49832]
	(No symbol) [0x0xa4931c]
	(No symbol) [0x0xa4aa20]
	(No symbol) [0x0xa4a82a]
	(No symbol) [0x0xa3f266]
	(No symbol) [0x0xa0e852]
	(No symbol) [0x0xa0f6f4]
	GetHandleVerifier [0x0xe04833+2619059]
	GetHandleVerifier [0x0xdffc4a+2599626]
	GetHandleVerifier [0x0xbbb0fa+221050]
	GetHandleVerifier [0x0xbab378+156152]
	GetHandleVerifier [0x0xbb1d2d+183213]
	GetHandleVerifier [0x0xb9c438+94904]
	GetHandleVerifier [0x0xb9c5c2+95298]
	GetHandleVerifier [0x0xb8771a+9626]
	BaseThreadInitThunk [0x0x7704fcc9+25]
	RtlGetAppContainerNamedObjectPath [0x0x775e82ae+286]
	RtlGetAppContainerNamedObjectPath [0x0x775e827e+238]

2025-07-05 13:49:14,500 - root - ERROR - Ошибка входа в аккаунт alexwent2: Message: invalid argument: cannot parse capability: goog:chromeOptions
from invalid argument: unrecognized chrome option: excludeSwitches
Stacktrace:
	GetHandleVerifier [0x0xb94553+62419]
	GetHandleVerifier [0x0xb94594+62484]
	(No symbol) [0x0x9d2133]
	(No symbol) [0x0x9f9723]
	(No symbol) [0x0x9faeb0]
	(No symbol) [0x0x9f5fea]
	(No symbol) [0x0xa49832]
	(No symbol) [0x0xa4931c]
	(No symbol) [0x0xa4aa20]
	(No symbol) [0x0xa4a82a]
	(No symbol) [0x0xa3f266]
	(No symbol) [0x0xa0e852]
	(No symbol) [0x0xa0f6f4]
	GetHandleVerifier [0x0xe04833+2619059]
	GetHandleVerifier [0x0xdffc4a+2599626]
	GetHandleVerifier [0x0xbbb0fa+221050]
	GetHandleVerifier [0x0xbab378+156152]
	GetHandleVerifier [0x0xbb1d2d+183213]
	GetHandleVerifier [0x0xb9c438+94904]
	GetHandleVerifier [0x0xb9c5c2+95298]
	GetHandleVerifier [0x0xb8771a+9626]
	BaseThreadInitThunk [0x0x7704fcc9+25]
	RtlGetAppContainerNamedObjectPath [0x0x775e82ae+286]
	RtlGetAppContainerNamedObjectPath [0x0x775e827e+238]

2025-07-05 13:49:14,502 - root - ERROR - Не удалось войти в аккаунт alexwent2
2025-07-05 13:52:32,401 - root - ERROR - Ошибка создания драйвера: Message: invalid argument: cannot parse capability: goog:chromeOptions
from invalid argument: unrecognized chrome option: excludeSwitches
Stacktrace:
	GetHandleVerifier [0x0xc74553+62419]
	GetHandleVerifier [0x0xc74594+62484]
	(No symbol) [0x0xab2133]
	(No symbol) [0x0xad9723]
	(No symbol) [0x0xadaeb0]
	(No symbol) [0x0xad5fea]
	(No symbol) [0x0xb29832]
	(No symbol) [0x0xb2931c]
	(No symbol) [0x0xb2aa20]
	(No symbol) [0x0xb2a82a]
	(No symbol) [0x0xb1f266]
	(No symbol) [0x0xaee852]
	(No symbol) [0x0xaef6f4]
	GetHandleVerifier [0x0xee4833+2619059]
	GetHandleVerifier [0x0xedfc4a+2599626]
	GetHandleVerifier [0x0xc9b0fa+221050]
	GetHandleVerifier [0x0xc8b378+156152]
	GetHandleVerifier [0x0xc91d2d+183213]
	GetHandleVerifier [0x0xc7c438+94904]
	GetHandleVerifier [0x0xc7c5c2+95298]
	GetHandleVerifier [0x0xc6771a+9626]
	BaseThreadInitThunk [0x0x7704fcc9+25]
	RtlGetAppContainerNamedObjectPath [0x0x775e82ae+286]
	RtlGetAppContainerNamedObjectPath [0x0x775e827e+238]

2025-07-05 13:52:32,402 - root - ERROR - Ошибка входа в аккаунт alexwent2: Message: invalid argument: cannot parse capability: goog:chromeOptions
from invalid argument: unrecognized chrome option: excludeSwitches
Stacktrace:
	GetHandleVerifier [0x0xc74553+62419]
	GetHandleVerifier [0x0xc74594+62484]
	(No symbol) [0x0xab2133]
	(No symbol) [0x0xad9723]
	(No symbol) [0x0xadaeb0]
	(No symbol) [0x0xad5fea]
	(No symbol) [0x0xb29832]
	(No symbol) [0x0xb2931c]
	(No symbol) [0x0xb2aa20]
	(No symbol) [0x0xb2a82a]
	(No symbol) [0x0xb1f266]
	(No symbol) [0x0xaee852]
	(No symbol) [0x0xaef6f4]
	GetHandleVerifier [0x0xee4833+2619059]
	GetHandleVerifier [0x0xedfc4a+2599626]
	GetHandleVerifier [0x0xc9b0fa+221050]
	GetHandleVerifier [0x0xc8b378+156152]
	GetHandleVerifier [0x0xc91d2d+183213]
	GetHandleVerifier [0x0xc7c438+94904]
	GetHandleVerifier [0x0xc7c5c2+95298]
	GetHandleVerifier [0x0xc6771a+9626]
	BaseThreadInitThunk [0x0x7704fcc9+25]
	RtlGetAppContainerNamedObjectPath [0x0x775e82ae+286]
	RtlGetAppContainerNamedObjectPath [0x0x775e827e+238]

2025-07-05 13:52:32,404 - root - ERROR - Не удалось войти в аккаунт alexwent2
2025-07-05 13:57:14,722 - root - ERROR - Ошибка создания драйвера: Message: invalid argument: cannot parse capability: goog:chromeOptions
from invalid argument: unrecognized chrome option: excludeSwitches
Stacktrace:
	GetHandleVerifier [0x0x2e4553+62419]
	GetHandleVerifier [0x0x2e4594+62484]
	(No symbol) [0x0x122133]
	(No symbol) [0x0x149723]
	(No symbol) [0x0x14aeb0]
	(No symbol) [0x0x145fea]
	(No symbol) [0x0x199832]
	(No symbol) [0x0x19931c]
	(No symbol) [0x0x19aa20]
	(No symbol) [0x0x19a82a]
	(No symbol) [0x0x18f266]
	(No symbol) [0x0x15e852]
	(No symbol) [0x0x15f6f4]
	GetHandleVerifier [0x0x554833+2619059]
	GetHandleVerifier [0x0x54fc4a+2599626]
	GetHandleVerifier [0x0x30b0fa+221050]
	GetHandleVerifier [0x0x2fb378+156152]
	GetHandleVerifier [0x0x301d2d+183213]
	GetHandleVerifier [0x0x2ec438+94904]
	GetHandleVerifier [0x0x2ec5c2+95298]
	GetHandleVerifier [0x0x2d771a+9626]
	BaseThreadInitThunk [0x0x7704fcc9+25]
	RtlGetAppContainerNamedObjectPath [0x0x775e82ae+286]
	RtlGetAppContainerNamedObjectPath [0x0x775e827e+238]
	(No symbol) [0x0]

2025-07-05 13:57:14,725 - root - ERROR - Ошибка входа в аккаунт alexwent2: Message: invalid argument: cannot parse capability: goog:chromeOptions
from invalid argument: unrecognized chrome option: excludeSwitches
Stacktrace:
	GetHandleVerifier [0x0x2e4553+62419]
	GetHandleVerifier [0x0x2e4594+62484]
	(No symbol) [0x0x122133]
	(No symbol) [0x0x149723]
	(No symbol) [0x0x14aeb0]
	(No symbol) [0x0x145fea]
	(No symbol) [0x0x199832]
	(No symbol) [0x0x19931c]
	(No symbol) [0x0x19aa20]
	(No symbol) [0x0x19a82a]
	(No symbol) [0x0x18f266]
	(No symbol) [0x0x15e852]
	(No symbol) [0x0x15f6f4]
	GetHandleVerifier [0x0x554833+2619059]
	GetHandleVerifier [0x0x54fc4a+2599626]
	GetHandleVerifier [0x0x30b0fa+221050]
	GetHandleVerifier [0x0x2fb378+156152]
	GetHandleVerifier [0x0x301d2d+183213]
	GetHandleVerifier [0x0x2ec438+94904]
	GetHandleVerifier [0x0x2ec5c2+95298]
	GetHandleVerifier [0x0x2d771a+9626]
	BaseThreadInitThunk [0x0x7704fcc9+25]
	RtlGetAppContainerNamedObjectPath [0x0x775e82ae+286]
	RtlGetAppContainerNamedObjectPath [0x0x775e827e+238]
	(No symbol) [0x0]

2025-07-05 13:57:14,726 - root - ERROR - Не удалось войти в аккаунт alexwent2
2025-07-05 14:02:11,944 - root - ERROR - Ошибка выполнения входа: Message: tab crashed
  (Session info: chrome=138.0.7204.97)
Stacktrace:
	GetHandleVerifier [0x0x7ff7182e6f25+76917]
	GetHandleVerifier [0x0x7ff7182e6f80+77008]
	(No symbol) [0x0x7ff718099c1c]
	(No symbol) [0x0x7ff71808725b]
	(No symbol) [0x0x7ff718084e8b]
	(No symbol) [0x0x7ff7180858ef]
	(No symbol) [0x0x7ff71809464e]
	(No symbol) [0x0x7ff7180aa621]
	(No symbol) [0x0x7ff7180b178a]
	(No symbol) [0x0x7ff71808608d]
	(No symbol) [0x0x7ff7180a9e11]
	(No symbol) [0x0x7ff718140535]
	(No symbol) [0x0x7ff718118243]
	(No symbol) [0x0x7ff7180e1431]
	(No symbol) [0x0x7ff7180e21c3]
	GetHandleVerifier [0x0x7ff7185bd24d+3051421]
	GetHandleVerifier [0x0x7ff7185b78a3+3028467]
	GetHandleVerifier [0x0x7ff7185d583d+3151245]
	GetHandleVerifier [0x0x7ff7183017ee+185662]
	GetHandleVerifier [0x0x7ff7183096af+218111]
	GetHandleVerifier [0x0x7ff7182efaa4+112628]
	GetHandleVerifier [0x0x7ff7182efc59+113065]
	GetHandleVerifier [0x0x7ff7182d6c28+10616]
	BaseThreadInitThunk [0x0x7ff8e6637374+20]
	RtlUserThreadStart [0x0x7ff8e855cc91+33]

2025-07-05 14:02:11,946 - root - ERROR - Не удалось войти в аккаунт alexwent2
